<?xml version="1.0" encoding="UTF-8"?>
<!-- Generated by org.testng.reporters.JUnitXMLReporter -->
<testsuite hostname="DESKTOP-52TM5VD" ignored="0" name="Test1" tests="6" failures="1" timestamp="2020-02-25T18:21:19 MSK" time="0.148" errors="0">
  <testcase name="LoginLogout_Test" time="0.01" classname="autotestsSet.Smoke"/>
  <testcase name="ChangeLanguage_Test" time="0.003" classname="autotestsSet.Smoke"/>
  <testcase name="LoginLogout_Test" time="0.006" classname="autotestsSet.CriticalPath"/>
  <testcase name="ChangeLanguage_Test" time="0.0" classname="autotestsSet.CriticalPath">
    <failure type="org.testng.TestNGException" message="
Parameter &amp;apos;userPsswrd&amp;apos; is required by @Test on method ChangeLanguage_Test but has not been marked @Optional or defined
in C:\Users\AndT\LiveAgent\testng.xml">
      <![CDATA[org.testng.TestNGException: 
Parameter 'userPsswrd' is required by @Test on method ChangeLanguage_Test but has not been marked @Optional or defined
in C:\Users\AndT\LiveAgent\testng.xml
at java.util.ArrayList.forEach(ArrayList.java:1257)
... Removed 26 stack frames]]>
    </failure>
  </testcase> <!-- ChangeLanguage_Test -->
  <testcase name="ChangeLanguage_1_Test" time="0.002" classname="autotestsSet.CriticalPath"/>
  <testcase name="ChangeLanguage_2_Test" time="0.003" classname="autotestsSet.CriticalPath"/>
</testsuite> <!-- Test1 -->
